20:40:41.61 [INFO] pantsd 2.18.1 running with PID: 7898
20:40:41.70 [INFO] handling request: `--python-repos-find-links=-[] --version`
20:40:42.07 [INFO] request completed: `--python-repos-find-links=-[] --version`
20:40:52.80 [INFO] notify invalidation: cleared 1 and dirtied 2 nodes for: {"", "pants.toml~"}
20:40:52.80 [INFO] notify invalidation: cleared 0 and dirtied 0 nodes for: {"pants.toml~"}
20:40:52.80 [INFO] notify invalidation: cleared 0 and dirtied 0 nodes for: {"pants.toml~"}
20:40:52.80 [INFO] notify invalidation: cleared 1 and dirtied 2 nodes for: {"pants.toml~", ""}
20:40:52.80 [INFO] notify invalidation: cleared 1 and dirtied 2 nodes for: {"pants.toml"}
20:40:52.80 [INFO] notify invalidation: cleared 0 and dirtied 0 nodes for: {"pants.toml"}
20:40:52.81 [ERROR] saw filesystem changes covered by invalidation globs: SnapshotDiff(our_unique_files=(), our_unique_dirs=(), their_unique_files=(), their_unique_dirs=(), changed_files=('pants.toml',)). terminating the daemon.
20:40:52.81 [INFO] notify invalidation: cleared 1 and dirtied 2 nodes for: {"pants.toml"}
20:40:52.81 [INFO] notify invalidation: cleared 0 and dirtied 0 nodes for: {"pants.toml"}
20:40:52.81 [INFO] notify invalidation: cleared 1 and dirtied 2 nodes for: {"", "pants.toml"}
20:40:52.81 [INFO] notify invalidation: cleared 0 and dirtied 0 nodes for: {"", "pants.toml"}
20:40:52.81 [INFO] notify invalidation: cleared 0 and dirtied 0 nodes for: {"", "pants.toml~"}
20:40:53.62 [ERROR] service failure for <pants.pantsd.service.scheduler_service.SchedulerService object at 0x7fcebc085370>.
20:40:53.62 [INFO] Waiting for ongoing runs to complete before exiting...
20:40:53.62 [INFO] Server exiting with Ok(())
20:40:53.62 [INFO] Waiting for Sessions to complete before exiting...
20:40:53.62 [INFO] Waiting for shutdown of: ["scheduler_service_session", "store_gc_service_session"]
20:40:53.62 [INFO] Shutdown completed: "scheduler_service_session"
20:40:53.62 [INFO] Shutdown completed: "store_gc_service_session"
20:40:53.62 [INFO] Exiting pantsd
20:40:53.62 [WARN] File watcher exiting with: The watcher was shut down.
20:40:53.66 [WARN] File watcher exiting with: The watcher was shut down.
20:41:37.69 [INFO] pantsd 2.18.1 running with PID: 7939
20:41:37.74 [INFO] handling request: `--python-repos-find-links=-[] goals`
20:41:38.09 [INFO] request completed: `--python-repos-find-links=-[] goals`
20:41:47.11 [INFO] handling request: `--python-repos-find-links=-[] sources`
20:41:47.26 [INFO] request completed: `--python-repos-find-links=-[] sources`
20:41:55.38 [INFO] handling request: `--python-repos-find-links=-[] targets`
20:41:55.54 [INFO] request completed: `--python-repos-find-links=-[] targets`
20:42:01.84 [INFO] handling request: `--python-repos-find-links=-[] help goals`
20:42:02.06 [INFO] request completed: `--python-repos-find-links=-[] help goals`
20:42:18.25 [INFO] handling request: `--python-repos-find-links=-[] tailor`
20:42:18.33 [INFO] request completed: `--python-repos-find-links=-[] tailor`
20:42:51.06 [INFO] notify invalidation: cleared 1 and dirtied 2 nodes for: {"pants.toml~", ""}
20:42:51.06 [INFO] notify invalidation: cleared 0 and dirtied 0 nodes for: {"pants.toml~"}
20:42:51.06 [INFO] notify invalidation: cleared 1 and dirtied 2 nodes for: {"pants.toml~", ""}
20:42:51.06 [INFO] notify invalidation: cleared 1 and dirtied 2 nodes for: {"pants.toml"}
20:42:51.06 [INFO] notify invalidation: cleared 0 and dirtied 0 nodes for: {"pants.toml"}
20:42:51.06 [ERROR] saw filesystem changes covered by invalidation globs: SnapshotDiff(our_unique_files=(), our_unique_dirs=(), their_unique_files=(), their_unique_dirs=(), changed_files=('pants.toml',)). terminating the daemon.
20:42:51.06 [INFO] notify invalidation: cleared 1 and dirtied 2 nodes for: {"pants.toml"}
20:42:51.06 [INFO] notify invalidation: cleared 0 and dirtied 0 nodes for: {"pants.toml"}
20:42:51.06 [INFO] notify invalidation: cleared 1 and dirtied 2 nodes for: {"", "pants.toml"}
20:42:51.06 [INFO] notify invalidation: cleared 0 and dirtied 0 nodes for: {"pants.toml", ""}
20:42:51.06 [INFO] notify invalidation: cleared 0 and dirtied 0 nodes for: {"pants.toml~", ""}
20:42:51.82 [ERROR] service failure for <pants.pantsd.service.scheduler_service.SchedulerService object at 0x7fe97c0442e0>.
20:42:51.82 [INFO] Waiting for ongoing runs to complete before exiting...
20:42:51.82 [INFO] Server exiting with Ok(())
20:42:51.82 [INFO] Waiting for Sessions to complete before exiting...
20:42:51.82 [INFO] Waiting for shutdown of: ["scheduler_service_session", "store_gc_service_session", "pants_run_2023_12_23_20_42_01_961_7ec5a0c596414a828be4fcad2ca97423"]
20:42:51.82 [INFO] Shutdown completed: "scheduler_service_session"
20:42:51.82 [INFO] Shutdown completed: "store_gc_service_session"
20:42:51.82 [INFO] Shutdown completed: "pants_run_2023_12_23_20_42_01_961_7ec5a0c596414a828be4fcad2ca97423"
20:42:51.82 [INFO] Exiting pantsd
20:42:51.82 [WARN] File watcher exiting with: The watcher was shut down.
20:43:08.60 [INFO] pantsd 2.18.1 running with PID: 7984
20:43:08.62 [INFO] handling request: `--python-repos-find-links=-[] talor ::`
20:43:11.28 [INFO] request completed: `--python-repos-find-links=-[] talor ::`
20:43:22.62 [INFO] handling request: `--python-repos-find-links=-[] tailor ::`
20:43:22.76 [INFO] notify invalidation: cleared 1 and dirtied 30 nodes for: {".tmpe59Tfz.hardlink_canary", ""}
20:43:22.76 [INFO] notify invalidation: cleared 1 and dirtied 30 nodes for: {".tmpe59Tfz.hardlink_canary", ""}
20:43:22.76 [INFO] notify invalidation: cleared 1 and dirtied 23 nodes for: {"src/api/BUILD", "src/api"}
20:43:22.76 [INFO] notify invalidation: cleared 1 and dirtied 23 nodes for: {"src/repo1", "src/repo1/BUILD"}
20:43:22.76 [INFO] notify invalidation: cleared 0 and dirtied 0 nodes for: {"src/api/BUILD"}
20:43:22.76 [INFO] notify invalidation: cleared 0 and dirtied 0 nodes for: {"src/api", "src/api/BUILD"}
20:43:22.76 [INFO] notify invalidation: cleared 0 and dirtied 0 nodes for: {"src/repo1/BUILD"}
20:43:22.76 [INFO] notify invalidation: cleared 0 and dirtied 0 nodes for: {"src/repo1", "src/repo1/BUILD"}
20:43:22.76 [INFO] request completed: `--python-repos-find-links=-[] tailor ::`
20:43:28.76 [INFO] handling request: `--python-repos-find-links=-[] sources`
20:43:29.04 [INFO] request completed: `--python-repos-find-links=-[] sources`
20:43:33.06 [INFO] handling request: `--python-repos-find-links=-[] source`
20:43:33.32 [INFO] request completed: `--python-repos-find-links=-[] source`
20:43:38.22 [INFO] handling request: `--python-repos-find-links=-[] targets list`
20:43:38.48 [INFO] request completed: `--python-repos-find-links=-[] targets list`
20:43:58.14 [INFO] handling request: `--python-repos-find-links=-[] tailor --check ::`
20:43:58.28 [INFO] request completed: `--python-repos-find-links=-[] tailor --check ::`
20:44:31.09 [INFO] Extending leases
20:44:31.09 [INFO] Done extending leases
20:45:00.12 [INFO] handling request: `--python-repos-find-links=-[] dependencies src/api/mani.py`
20:45:00.37 [INFO] request completed: `--python-repos-find-links=-[] dependencies src/api/mani.py`
20:45:51.10 [INFO] Extending leases
20:45:51.10 [INFO] Done extending leases
20:46:20.45 [INFO] notify invalidation: cleared 1 and dirtied 88 nodes for: {"pants.toml~", ""}
20:46:20.45 [INFO] notify invalidation: cleared 0 and dirtied 0 nodes for: {"pants.toml~"}
20:46:20.45 [INFO] notify invalidation: cleared 0 and dirtied 0 nodes for: {"", "pants.toml~"}
20:46:20.45 [INFO] notify invalidation: cleared 1 and dirtied 2 nodes for: {"pants.toml"}
20:46:20.45 [INFO] notify invalidation: cleared 0 and dirtied 0 nodes for: {"pants.toml"}
20:46:20.45 [ERROR] saw filesystem changes covered by invalidation globs: SnapshotDiff(our_unique_files=(), our_unique_dirs=(), their_unique_files=(), their_unique_dirs=(), changed_files=('pants.toml',)). terminating the daemon.
20:46:20.45 [INFO] notify invalidation: cleared 1 and dirtied 2 nodes for: {"pants.toml"}
20:46:20.45 [INFO] notify invalidation: cleared 0 and dirtied 0 nodes for: {"pants.toml"}
20:46:20.45 [INFO] notify invalidation: cleared 1 and dirtied 88 nodes for: {"", "pants.toml"}
20:46:20.45 [INFO] notify invalidation: cleared 0 and dirtied 0 nodes for: {"pants.toml", ""}
20:46:20.45 [INFO] notify invalidation: cleared 0 and dirtied 0 nodes for: {"pants.toml~", ""}
20:46:21.42 [ERROR] service failure for <pants.pantsd.service.scheduler_service.SchedulerService object at 0x7f377c01ac40>.
20:46:21.42 [INFO] Waiting for ongoing runs to complete before exiting...
20:46:21.42 [INFO] Server exiting with Ok(())
20:46:21.42 [INFO] Waiting for Sessions to complete before exiting...
20:46:21.42 [INFO] Waiting for shutdown of: ["scheduler_service_session", "store_gc_service_session", "pants_run_2023_12_23_20_43_22_724_11a3fc797d4840d48f07a6c815397652", "pants_run_2023_12_23_20_43_58_240_1a33a3a753564c4abbaf3716b1871e41", "pants_run_2023_12_23_20_45_00_327_ae2a3d79a37f4fa6b6a2cd49b7ffbfa7"]
20:46:21.42 [INFO] Shutdown completed: "scheduler_service_session"
20:46:21.42 [INFO] Shutdown completed: "store_gc_service_session"
20:46:21.42 [INFO] Shutdown completed: "pants_run_2023_12_23_20_43_22_724_11a3fc797d4840d48f07a6c815397652"
20:46:21.42 [INFO] Shutdown completed: "pants_run_2023_12_23_20_43_58_240_1a33a3a753564c4abbaf3716b1871e41"
20:46:21.42 [INFO] Shutdown completed: "pants_run_2023_12_23_20_45_00_327_ae2a3d79a37f4fa6b6a2cd49b7ffbfa7"
20:46:21.43 [INFO] Exiting pantsd
20:46:21.43 [WARN] File watcher exiting with: The watcher was shut down.
20:46:48.68 [INFO] pantsd 2.18.1 running with PID: 8254
20:46:48.69 [INFO] handling request: `--python-repos-find-links=-[] dependencies src/api/mani.py`
20:46:51.25 [INFO] request completed: `--python-repos-find-links=-[] dependencies src/api/mani.py`
20:48:11.16 [INFO] Extending leases
20:48:11.16 [INFO] Done extending leases
20:49:31.16 [INFO] Extending leases
20:49:31.17 [INFO] Done extending leases
20:50:51.17 [INFO] Extending leases
20:50:51.17 [INFO] Done extending leases
20:52:11.19 [INFO] Extending leases
20:52:11.19 [INFO] Done extending leases
20:53:31.20 [INFO] Extending leases
20:53:31.20 [INFO] Done extending leases
20:54:51.20 [INFO] Extending leases
20:54:51.20 [INFO] Done extending leases
20:56:11.21 [INFO] Extending leases
20:56:11.21 [INFO] Done extending leases
20:57:31.22 [INFO] Extending leases
20:57:31.23 [INFO] Done extending leases
20:58:06.69 [INFO] handling request: `--python-repos-find-links=-[] roots`
20:58:06.82 [INFO] request completed: `--python-repos-find-links=-[] roots`
20:58:49.16 [INFO] notify invalidation: cleared 1 and dirtied 71 nodes for: {"", "pants.toml~"}
20:58:49.16 [INFO] notify invalidation: cleared 0 and dirtied 0 nodes for: {"pants.toml~"}
20:58:49.16 [INFO] notify invalidation: cleared 0 and dirtied 0 nodes for: {"pants.toml~", ""}
20:58:49.16 [INFO] notify invalidation: cleared 1 and dirtied 2 nodes for: {"pants.toml"}
20:58:49.16 [INFO] notify invalidation: cleared 0 and dirtied 0 nodes for: {"pants.toml"}
20:58:49.16 [ERROR] saw filesystem changes covered by invalidation globs: SnapshotDiff(our_unique_files=(), our_unique_dirs=(), their_unique_files=(), their_unique_dirs=(), changed_files=('pants.toml',)). terminating the daemon.
20:58:49.16 [INFO] notify invalidation: cleared 1 and dirtied 2 nodes for: {"pants.toml"}
20:58:49.16 [INFO] notify invalidation: cleared 0 and dirtied 0 nodes for: {"pants.toml"}
20:58:49.16 [INFO] notify invalidation: cleared 1 and dirtied 71 nodes for: {"pants.toml", ""}
20:58:49.16 [INFO] notify invalidation: cleared 0 and dirtied 0 nodes for: {"", "pants.toml"}
20:58:49.16 [INFO] notify invalidation: cleared 0 and dirtied 0 nodes for: {"pants.toml~", ""}
20:58:49.25 [ERROR] service failure for <pants.pantsd.service.scheduler_service.SchedulerService object at 0x7f35ac019bb0>.
20:58:49.25 [INFO] Waiting for ongoing runs to complete before exiting...
20:58:49.25 [INFO] Server exiting with Ok(())
20:58:49.25 [INFO] Waiting for Sessions to complete before exiting...
20:58:49.25 [INFO] Waiting for shutdown of: ["scheduler_service_session", "store_gc_service_session", "pants_run_2023_12_23_20_46_51_193_a77f75af17174f02b997fe8e9b792d8a", "pants_run_2023_12_23_20_58_06_796_e7da302bd8ba4cb1932e047fa93eb586"]
20:58:49.25 [INFO] Shutdown completed: "scheduler_service_session"
20:58:49.25 [INFO] Shutdown completed: "store_gc_service_session"
20:58:49.25 [INFO] Shutdown completed: "pants_run_2023_12_23_20_46_51_193_a77f75af17174f02b997fe8e9b792d8a"
20:58:49.25 [INFO] Shutdown completed: "pants_run_2023_12_23_20_58_06_796_e7da302bd8ba4cb1932e047fa93eb586"
20:58:49.25 [INFO] Exiting pantsd
20:58:49.25 [WARN] File watcher exiting with: The watcher was shut down.
20:58:56.33 [INFO] pantsd 2.18.1 running with PID: 8422
20:58:56.43 [INFO] handling request: `--python-repos-find-links=-[] roots`
20:58:58.99 [INFO] request completed: `--python-repos-find-links=-[] roots`
20:59:54.47 [INFO] handling request: `--python-repos-find-links=-[] run src/cosa`
20:59:54.61 [INFO] request completed: `--python-repos-find-links=-[] run src/cosa`
21:00:18.92 [INFO] Extending leases
21:00:18.92 [INFO] Done extending leases
21:00:22.88 [INFO] handling request: `--python-repos-find-links=-[] run src/api/mani.py`
21:00:31.30 [INFO] request completed: `--python-repos-find-links=-[] run src/api/mani.py`
21:01:38.94 [INFO] Extending leases
21:01:38.94 [INFO] Done extending leases
21:02:58.95 [INFO] Extending leases
21:02:58.95 [INFO] Done extending leases
21:03:52.11 [INFO] notify invalidation: cleared 1 and dirtied 99 nodes for: {"pants.toml~", ""}
21:03:52.11 [INFO] notify invalidation: cleared 0 and dirtied 0 nodes for: {"pants.toml~"}
21:03:52.11 [INFO] notify invalidation: cleared 1 and dirtied 99 nodes for: {"", "pants.toml~"}
21:03:52.11 [INFO] notify invalidation: cleared 1 and dirtied 2 nodes for: {"pants.toml"}
21:03:52.11 [INFO] notify invalidation: cleared 0 and dirtied 0 nodes for: {"pants.toml"}
21:03:52.11 [INFO] notify invalidation: cleared 0 and dirtied 0 nodes for: {"pants.toml"}
21:03:52.11 [INFO] notify invalidation: cleared 0 and dirtied 0 nodes for: {"pants.toml"}
21:03:52.11 [INFO] notify invalidation: cleared 1 and dirtied 99 nodes for: {"pants.toml", ""}
21:03:52.11 [INFO] notify invalidation: cleared 0 and dirtied 0 nodes for: {"", "pants.toml"}
21:03:52.12 [INFO] notify invalidation: cleared 0 and dirtied 0 nodes for: {"", "pants.toml~"}
21:03:52.12 [INFO] Filesystem changed during run: retrying `Scandir()` in 500ms...
21:03:52.12 [INFO] Filesystem changed during run: retrying `Scandir()` in 500ms...
21:03:52.12 [INFO] Filesystem changed during run: retrying `Scandir()` in 500ms...
21:03:54.20 [INFO] handling request: `--python-repos-find-links=-[] run src/api/mani.py`
21:03:55.97 [INFO] request completed: `--python-repos-find-links=-[] run src/api/mani.py`
21:04:18.95 [INFO] Extending leases
21:04:18.96 [INFO] Done extending leases
21:04:24.41 [INFO] notify invalidation: cleared 1 and dirtied 105 nodes for: {"pants.toml~", ""}
21:04:24.41 [INFO] notify invalidation: cleared 0 and dirtied 0 nodes for: {"pants.toml~"}
21:04:24.41 [INFO] notify invalidation: cleared 0 and dirtied 0 nodes for: {"pants.toml~", ""}
21:04:24.41 [INFO] notify invalidation: cleared 0 and dirtied 0 nodes for: {"pants.toml"}
21:04:24.41 [INFO] notify invalidation: cleared 0 and dirtied 0 nodes for: {"pants.toml"}
21:04:24.42 [INFO] notify invalidation: cleared 1 and dirtied 2 nodes for: {"pants.toml"}
21:04:24.42 [INFO] notify invalidation: cleared 0 and dirtied 0 nodes for: {"pants.toml"}
21:04:24.42 [INFO] notify invalidation: cleared 1 and dirtied 105 nodes for: {"pants.toml", ""}
21:04:24.42 [INFO] notify invalidation: cleared 0 and dirtied 0 nodes for: {"pants.toml", ""}
21:04:24.42 [INFO] notify invalidation: cleared 0 and dirtied 0 nodes for: {"pants.toml~", ""}
21:04:29.07 [INFO] handling request: `--python-repos-find-links=-[] tailor`
21:04:29.21 [INFO] request completed: `--python-repos-find-links=-[] tailor`
21:04:32.59 [INFO] handling request: `--python-repos-find-links=-[] tailor ::`
21:04:32.72 [INFO] request completed: `--python-repos-find-links=-[] tailor ::`
21:05:15.68 [INFO] handling request: `--python-repos-find-links=-[] dependencies src/api/mani.py`
21:05:15.82 [INFO] request completed: `--python-repos-find-links=-[] dependencies src/api/mani.py`
21:05:22.29 [INFO] handling request: `--python-repos-find-links=-[] dependencies src/api/main.py`
21:05:22.43 [INFO] request completed: `--python-repos-find-links=-[] dependencies src/api/main.py`
21:05:38.97 [INFO] Extending leases
21:05:38.97 [INFO] Done extending leases
21:05:55.91 [INFO] notify invalidation: cleared 2 and dirtied 106 nodes for: {"src/api", "src/api/mani.py"}
21:05:55.91 [INFO] notify invalidation: cleared 0 and dirtied 0 nodes for: {"src/api/main.py", "src/api"}
21:05:55.91 [INFO] notify invalidation: cleared 0 and dirtied 0 nodes for: {"src/api", "src/api/mani.py", "src/api/main.py"}
21:05:55.91 [INFO] notify invalidation: cleared 0 and dirtied 0 nodes for: {"src/api/mani.py", "src/api"}
21:05:58.27 [INFO] handling request: `--python-repos-find-links=-[] dependencies src/api/main.py`
21:05:58.53 [INFO] request completed: `--python-repos-find-links=-[] dependencies src/api/main.py`
21:06:39.03 [INFO] handling request: `--python-repos-find-links=-[] run src/api/mani.py`
21:06:39.20 [INFO] request completed: `--python-repos-find-links=-[] run src/api/mani.py`
21:06:57.35 [INFO] handling request: `--python-repos-find-links=-[] run src/api/main.py`
21:06:58.98 [INFO] Extending leases
21:06:58.98 [INFO] Done extending leases
21:06:59.26 [INFO] request completed: `--python-repos-find-links=-[] run src/api/main.py`
21:07:39.58 [INFO] handling request: `--python-repos-find-links=-[] run src/api/:`
21:07:39.74 [INFO] request completed: `--python-repos-find-links=-[] run src/api/:`
21:08:18.98 [INFO] Extending leases
21:08:18.99 [INFO] Done extending leases
21:09:06.34 [INFO] notify invalidation: cleared 1 and dirtied 160 nodes for: {"src/api", "src/api/main.py~"}
21:09:06.34 [INFO] notify invalidation: cleared 0 and dirtied 0 nodes for: {"src/api/main.py~"}
21:09:06.34 [INFO] notify invalidation: cleared 0 and dirtied 0 nodes for: {"src/api", "src/api/main.py~"}
21:09:06.34 [INFO] notify invalidation: cleared 1 and dirtied 28 nodes for: {"src/api/main.py"}
21:09:06.34 [INFO] notify invalidation: cleared 0 and dirtied 0 nodes for: {"src/api/main.py"}
21:09:06.35 [INFO] notify invalidation: cleared 0 and dirtied 0 nodes for: {"src/api/main.py"}
21:09:06.35 [INFO] notify invalidation: cleared 0 and dirtied 0 nodes for: {"src/api/main.py"}
21:09:06.35 [INFO] notify invalidation: cleared 0 and dirtied 0 nodes for: {"src/api", "src/api/main.py"}
21:09:06.35 [INFO] notify invalidation: cleared 0 and dirtied 0 nodes for: {"src/api", "src/api/main.py"}
21:09:06.35 [INFO] notify invalidation: cleared 0 and dirtied 0 nodes for: {"src/api", "src/api/main.py~"}
21:09:08.61 [INFO] handling request: `--python-repos-find-links=-[] run src/api/:`
21:09:08.75 [INFO] request completed: `--python-repos-find-links=-[] run src/api/:`
21:09:15.76 [INFO] handling request: `--python-repos-find-links=-[] run src/api/main.py`
21:09:16.01 [INFO] request completed: `--python-repos-find-links=-[] run src/api/main.py`
21:09:31.60 [INFO] notify invalidation: cleared 1 and dirtied 166 nodes for: {"src/api", "src/api/main.py~"}
21:09:31.60 [INFO] notify invalidation: cleared 0 and dirtied 0 nodes for: {"src/api/main.py~"}
21:09:31.60 [INFO] notify invalidation: cleared 0 and dirtied 0 nodes for: {"src/api", "src/api/main.py~"}
21:09:31.60 [INFO] notify invalidation: cleared 1 and dirtied 30 nodes for: {"src/api/main.py"}
21:09:31.60 [INFO] notify invalidation: cleared 0 and dirtied 0 nodes for: {"src/api/main.py"}
21:09:31.60 [INFO] notify invalidation: cleared 0 and dirtied 0 nodes for: {"src/api/main.py"}
21:09:31.60 [INFO] notify invalidation: cleared 0 and dirtied 0 nodes for: {"src/api/main.py"}
21:09:31.60 [INFO] notify invalidation: cleared 0 and dirtied 0 nodes for: {"src/api", "src/api/main.py"}
21:09:31.60 [INFO] notify invalidation: cleared 0 and dirtied 0 nodes for: {"src/api", "src/api/main.py"}
21:09:31.60 [INFO] notify invalidation: cleared 0 and dirtied 0 nodes for: {"src/api", "src/api/main.py~"}
21:09:38.99 [INFO] Extending leases
21:09:38.99 [INFO] Done extending leases
21:10:55.43 [INFO] notify invalidation: cleared 0 and dirtied 0 nodes for: {"src/api/main.py~", "src/api"}
21:10:55.43 [INFO] notify invalidation: cleared 0 and dirtied 0 nodes for: {"src/api/main.py~"}
21:10:55.43 [INFO] notify invalidation: cleared 0 and dirtied 0 nodes for: {"src/api", "src/api/main.py~"}
21:10:55.43 [INFO] notify invalidation: cleared 0 and dirtied 0 nodes for: {"src/api/main.py"}
21:10:55.43 [INFO] notify invalidation: cleared 0 and dirtied 0 nodes for: {"src/api/main.py"}
21:10:55.44 [INFO] notify invalidation: cleared 0 and dirtied 0 nodes for: {"src/api/main.py"}
21:10:55.44 [INFO] notify invalidation: cleared 0 and dirtied 0 nodes for: {"src/api/main.py"}
21:10:55.44 [INFO] notify invalidation: cleared 0 and dirtied 0 nodes for: {"src/api", "src/api/main.py"}
21:10:55.44 [INFO] notify invalidation: cleared 0 and dirtied 0 nodes for: {"src/api/main.py", "src/api"}
21:10:55.44 [INFO] notify invalidation: cleared 0 and dirtied 0 nodes for: {"src/api", "src/api/main.py~"}
21:10:59.00 [INFO] Extending leases
21:10:59.01 [INFO] Done extending leases
21:11:45.53 [INFO] handling request: `--python-repos-find-links=-[] run src/api/main.py`
21:11:45.70 [INFO] request completed: `--python-repos-find-links=-[] run src/api/main.py`
21:12:19.02 [INFO] Extending leases
21:12:19.02 [INFO] Done extending leases
21:13:39.03 [INFO] Extending leases
21:13:39.03 [INFO] Done extending leases
21:14:49.80 [INFO] notify invalidation: cleared 1 and dirtied 168 nodes for: {"src/api", "src/api/main.py~"}
21:14:49.80 [INFO] notify invalidation: cleared 0 and dirtied 0 nodes for: {"src/api/main.py~"}
21:14:49.80 [INFO] notify invalidation: cleared 0 and dirtied 0 nodes for: {"src/api", "src/api/main.py~"}
21:14:49.80 [INFO] notify invalidation: cleared 1 and dirtied 32 nodes for: {"src/api/main.py"}
21:14:49.80 [INFO] notify invalidation: cleared 0 and dirtied 0 nodes for: {"src/api/main.py"}
21:14:49.81 [INFO] notify invalidation: cleared 0 and dirtied 0 nodes for: {"src/api/main.py"}
21:14:49.81 [INFO] notify invalidation: cleared 0 and dirtied 0 nodes for: {"src/api/main.py"}
21:14:49.81 [INFO] notify invalidation: cleared 0 and dirtied 0 nodes for: {"src/api", "src/api/main.py"}
21:14:49.81 [INFO] notify invalidation: cleared 0 and dirtied 0 nodes for: {"src/api/main.py", "src/api"}
21:14:49.81 [INFO] notify invalidation: cleared 0 and dirtied 0 nodes for: {"src/api/main.py~", "src/api"}
21:14:59.03 [INFO] Extending leases
21:14:59.04 [INFO] Done extending leases
21:15:49.05 [INFO] notify invalidation: cleared 1 and dirtied 198 nodes for: {"", "pants.toml~"}
21:15:49.05 [INFO] notify invalidation: cleared 0 and dirtied 0 nodes for: {"pants.toml~"}
21:15:49.05 [INFO] notify invalidation: cleared 0 and dirtied 0 nodes for: {"pants.toml~", ""}
21:15:49.05 [INFO] notify invalidation: cleared 1 and dirtied 2 nodes for: {"pants.toml"}
21:15:49.05 [INFO] notify invalidation: cleared 0 and dirtied 0 nodes for: {"pants.toml"}
21:15:49.05 [ERROR] saw filesystem changes covered by invalidation globs: SnapshotDiff(our_unique_files=(), our_unique_dirs=(), their_unique_files=(), their_unique_dirs=(), changed_files=('pants.toml',)). terminating the daemon.
21:15:49.05 [INFO] notify invalidation: cleared 1 and dirtied 2 nodes for: {"pants.toml"}
21:15:49.05 [INFO] notify invalidation: cleared 0 and dirtied 0 nodes for: {"pants.toml"}
21:15:49.05 [INFO] notify invalidation: cleared 1 and dirtied 198 nodes for: {"pants.toml", ""}
21:15:49.05 [INFO] notify invalidation: cleared 0 and dirtied 0 nodes for: {"pants.toml", ""}
21:15:49.05 [INFO] notify invalidation: cleared 0 and dirtied 0 nodes for: {"pants.toml~", ""}
21:15:49.52 [ERROR] service failure for <pants.pantsd.service.scheduler_service.SchedulerService object at 0x7f5790188c40>.
21:15:49.52 [INFO] Waiting for ongoing runs to complete before exiting...
21:15:49.52 [INFO] Server exiting with Ok(())
21:15:49.52 [INFO] Waiting for Sessions to complete before exiting...
21:15:49.52 [INFO] Waiting for shutdown of: ["scheduler_service_session", "store_gc_service_session", "pants_run_2023_12_23_20_58_58_955_e9a5370ff1f344be98ee55f114521af1", "pants_run_2023_12_23_20_59_54_580_5ec83b0283e444a28693df33c1e9cc03", "pants_run_2023_12_23_21_00_22_993_857c176024ab4ae786d3c246cb32a8bf", "pants_run_2023_12_23_21_03_54_346_7397566e044d4389bd66ee6d65b5a9d2", "pants_run_2023_12_23_21_04_29_181_8b3be80aa906414e8b29a4c5ae81c2a2", "pants_run_2023_12_23_21_04_32_689_9d606f3f99494655aea07d2ca136a737", "pants_run_2023_12_23_21_05_15_780_ee73b9c7eb7e4a3c9c76103e0a864aed", "pants_run_2023_12_23_21_05_22_403_bf8466017547432488df3a5e1a9ad5be", "pants_run_2023_12_23_21_05_58_482_16149767a74f4712a16cb8f3a54673d1", "pants_run_2023_12_23_21_06_39_160_d673c46e062748d18cb4f9a0db7e1da8", "pants_run_2023_12_23_21_06_57_476_d6484107e4d245d8bbb9e9696a0c6bdb", "pants_run_2023_12_23_21_07_39_702_aaafd155d6ab42cd9fd06ec785068f0f", "pants_run_2023_12_23_21_09_08_717_58868e6a52bf47c3ad5ffbdb9450a9dd", "pants_run_2023_12_23_21_09_15_944_09b9ba35585c499c99352bed5a19ec27", "pants_run_2023_12_23_21_11_45_635_7086786b851f4ad6986af414393b5aa8"]
21:15:49.52 [INFO] Shutdown completed: "scheduler_service_session"
21:15:49.52 [INFO] Shutdown completed: "store_gc_service_session"
21:15:49.52 [INFO] Shutdown completed: "pants_run_2023_12_23_20_58_58_955_e9a5370ff1f344be98ee55f114521af1"
21:15:49.52 [INFO] Shutdown completed: "pants_run_2023_12_23_20_59_54_580_5ec83b0283e444a28693df33c1e9cc03"
21:15:49.52 [INFO] Shutdown completed: "pants_run_2023_12_23_21_00_22_993_857c176024ab4ae786d3c246cb32a8bf"
21:15:49.52 [INFO] Shutdown completed: "pants_run_2023_12_23_21_03_54_346_7397566e044d4389bd66ee6d65b5a9d2"
21:15:49.52 [INFO] Shutdown completed: "pants_run_2023_12_23_21_04_29_181_8b3be80aa906414e8b29a4c5ae81c2a2"
21:15:49.52 [INFO] Shutdown completed: "pants_run_2023_12_23_21_04_32_689_9d606f3f99494655aea07d2ca136a737"
21:15:49.52 [INFO] Shutdown completed: "pants_run_2023_12_23_21_05_15_780_ee73b9c7eb7e4a3c9c76103e0a864aed"
21:15:49.52 [INFO] Shutdown completed: "pants_run_2023_12_23_21_05_22_403_bf8466017547432488df3a5e1a9ad5be"
21:15:49.52 [INFO] Shutdown completed: "pants_run_2023_12_23_21_05_58_482_16149767a74f4712a16cb8f3a54673d1"
21:15:49.52 [INFO] Shutdown completed: "pants_run_2023_12_23_21_06_39_160_d673c46e062748d18cb4f9a0db7e1da8"
21:15:49.52 [INFO] Shutdown completed: "pants_run_2023_12_23_21_06_57_476_d6484107e4d245d8bbb9e9696a0c6bdb"
21:15:49.52 [INFO] Shutdown completed: "pants_run_2023_12_23_21_07_39_702_aaafd155d6ab42cd9fd06ec785068f0f"
21:15:49.52 [INFO] Shutdown completed: "pants_run_2023_12_23_21_09_08_717_58868e6a52bf47c3ad5ffbdb9450a9dd"
21:15:49.52 [INFO] Shutdown completed: "pants_run_2023_12_23_21_09_15_944_09b9ba35585c499c99352bed5a19ec27"
21:15:49.52 [INFO] Shutdown completed: "pants_run_2023_12_23_21_11_45_635_7086786b851f4ad6986af414393b5aa8"
21:15:49.52 [INFO] Exiting pantsd
21:15:49.52 [WARN] File watcher exiting with: The watcher was shut down.
21:15:56.92 [INFO] pantsd 2.18.1 running with PID: 9952
21:15:56.96 [INFO] handling request: `--python-repos-find-links=-[] run src/api/main.py`
21:16:02.61 [INFO] request completed: `--python-repos-find-links=-[] run src/api/main.py`
Signal 15 (SIGTERM) was raised. Exiting with failure.
  File "/home/david/.cache/nce/3d6643e46b53e4cc0b2a0d5c768866226ddce3de1f57f80c4a02d8d39800fa8e/bindings/venvs/2.18.1/bin/pants", line 8, in <module>
    sys.exit(main())
  File "/home/david/.cache/nce/3d6643e46b53e4cc0b2a0d5c768866226ddce3de1f57f80c4a02d8d39800fa8e/bindings/venvs/2.18.1/lib/python3.9/site-packages/pants/bin/pants_loader.py", line 112, in main
    PantsLoader.main()
  File "/home/david/.cache/nce/3d6643e46b53e4cc0b2a0d5c768866226ddce3de1f57f80c4a02d8d39800fa8e/bindings/venvs/2.18.1/lib/python3.9/site-packages/pants/bin/pants_loader.py", line 106, in main
    cls.run_alternate_entrypoint(entrypoint)
  File "/home/david/.cache/nce/3d6643e46b53e4cc0b2a0d5c768866226ddce3de1f57f80c4a02d8d39800fa8e/bindings/venvs/2.18.1/lib/python3.9/site-packages/pants/bin/pants_loader.py", line 84, in run_alternate_entrypoint
    entrypoint_fn()
  File "/home/david/.cache/nce/3d6643e46b53e4cc0b2a0d5c768866226ddce3de1f57f80c4a02d8d39800fa8e/bindings/venvs/2.18.1/lib/python3.9/site-packages/pants/pantsd/pants_daemon.py", line 238, in launch_new_pantsd_instance
    daemon.run_sync()
  File "/home/david/.cache/nce/3d6643e46b53e4cc0b2a0d5c768866226ddce3de1f57f80c4a02d8d39800fa8e/bindings/venvs/2.18.1/lib/python3.9/site-packages/pants/pantsd/pants_daemon.py", line 211, in run_sync
    time.sleep(self.JOIN_TIMEOUT_SECONDS)
  File "/home/david/.cache/nce/3d6643e46b53e4cc0b2a0d5c768866226ddce3de1f57f80c4a02d8d39800fa8e/bindings/venvs/2.18.1/lib/python3.9/site-packages/pants/base/exception_sink.py", line 109, in handle_sigterm
    raise self.SignalHandledNonLocalExit(signum, "SIGTERM")
  File "/home/david/.cache/nce/3d6643e46b53e4cc0b2a0d5c768866226ddce3de1f57f80c4a02d8d39800fa8e/bindings/venvs/2.18.1/lib/python3.9/site-packages/pants/base/exception_sink.py", line 94, in __init__
    self.traceback_lines = traceback.format_stack()

21:16:15.96 [WARN] Executor was not shut down explicitly.
21:16:15.96 [ERROR] panic at 'Cannot drop a runtime in a context where blocking is not allowed. This happens when a runtime is dropped from within an asynchronous context.', /github/home/.cargo/registry/src/index.crates.io-6f17d22bba15001f/tokio-1.29.1/src/runtime/blocking/shutdown.rs:51
21:16:15.96 [ERROR] Please set RUST_BACKTRACE=1, re-run, and then file a bug at https://github.com/pantsbuild/pants/issues.
21:16:15.97 [ERROR] panic at 'A Tokio 1.x context was found, but it is being shutdown.', /github/home/.cargo/registry/src/index.crates.io-6f17d22bba15001f/tokio-1.29.1/src/runtime/time/entry.rs:557
21:16:15.97 [ERROR] Please set RUST_BACKTRACE=1, re-run, and then file a bug at https://github.com/pantsbuild/pants/issues.
FATAL: exception not rethrown
18:59:57.31 [INFO] pantsd 2.18.1 running with PID: 5933
18:59:57.34 [INFO] handling request: `--python-repos-find-links=-[] run src/api/main.py`
19:00:02.63 [INFO] request completed: `--python-repos-find-links=-[] run src/api/main.py`
19:01:20.17 [INFO] Extending leases
19:01:20.18 [INFO] Done extending leases
19:02:33.03 [INFO] notify invalidation: cleared 1 and dirtied 97 nodes for: {"src/requirements.txt", "src"}
19:02:33.03 [INFO] notify invalidation: cleared 0 and dirtied 0 nodes for: {"src", "src/requirements.txt"}
19:02:40.18 [INFO] Extending leases
19:02:40.20 [INFO] Done extending leases
19:04:00.21 [INFO] Extending leases
19:04:00.22 [INFO] Done extending leases
19:05:20.22 [INFO] Extending leases
19:05:20.23 [INFO] Done extending leases
19:05:57.82 [INFO] notify invalidation: cleared 0 and dirtied 0 nodes for: {"src", "src/requirements.txt~"}
19:05:57.82 [INFO] notify invalidation: cleared 0 and dirtied 0 nodes for: {"src", "src/requirements.txt~"}
19:05:57.82 [INFO] notify invalidation: cleared 0 and dirtied 0 nodes for: {"src/requirements.txt"}
19:05:57.83 [INFO] notify invalidation: cleared 0 and dirtied 0 nodes for: {"src/requirements.txt"}
19:05:57.83 [INFO] notify invalidation: cleared 0 and dirtied 0 nodes for: {"src", "src/requirements.txt"}
19:05:57.83 [INFO] notify invalidation: cleared 0 and dirtied 0 nodes for: {"src/requirements.txt~", "src"}
19:06:04.73 [INFO] notify invalidation: cleared 0 and dirtied 0 nodes for: {"src", "src/requirements.txt~"}
19:06:04.73 [INFO] notify invalidation: cleared 0 and dirtied 0 nodes for: {"src/requirements.txt~"}
19:06:04.73 [INFO] notify invalidation: cleared 0 and dirtied 0 nodes for: {"src", "src/requirements.txt~"}
19:06:04.73 [INFO] notify invalidation: cleared 0 and dirtied 0 nodes for: {"src/requirements.txt"}
19:06:04.74 [INFO] notify invalidation: cleared 0 and dirtied 0 nodes for: {"src/requirements.txt"}
19:06:04.74 [INFO] notify invalidation: cleared 0 and dirtied 0 nodes for: {"src/requirements.txt", "src"}
19:06:04.74 [INFO] notify invalidation: cleared 0 and dirtied 0 nodes for: {"src/requirements.txt~", "src"}
19:06:15.57 [INFO] notify invalidation: cleared 1 and dirtied 69 nodes for: {"src/api", "src/api/main.py~"}
19:06:15.57 [INFO] notify invalidation: cleared 0 and dirtied 0 nodes for: {"src/api/main.py~"}
19:06:15.57 [INFO] notify invalidation: cleared 0 and dirtied 0 nodes for: {"src/api/main.py~", "src/api"}
19:06:15.57 [INFO] notify invalidation: cleared 1 and dirtied 23 nodes for: {"src/api/main.py"}
19:06:15.57 [INFO] notify invalidation: cleared 0 and dirtied 0 nodes for: {"src/api/main.py"}
19:06:15.58 [INFO] notify invalidation: cleared 0 and dirtied 0 nodes for: {"src/api/main.py"}
19:06:15.58 [INFO] notify invalidation: cleared 0 and dirtied 0 nodes for: {"src/api/main.py"}
19:06:15.58 [INFO] notify invalidation: cleared 0 and dirtied 0 nodes for: {"src/api/main.py", "src/api"}
19:06:15.58 [INFO] notify invalidation: cleared 0 and dirtied 0 nodes for: {"src/api", "src/api/main.py"}
19:06:15.58 [INFO] notify invalidation: cleared 0 and dirtied 0 nodes for: {"src/api", "src/api/main.py~"}
19:06:36.99 [INFO] notify invalidation: cleared 0 and dirtied 0 nodes for: {"src/api", "src/api/main.py~"}
19:06:36.99 [INFO] notify invalidation: cleared 0 and dirtied 0 nodes for: {"src/api/main.py~"}
19:06:36.99 [INFO] notify invalidation: cleared 0 and dirtied 0 nodes for: {"src/api", "src/api/main.py~"}
19:06:36.99 [INFO] notify invalidation: cleared 0 and dirtied 0 nodes for: {"src/api/main.py"}
19:06:36.99 [INFO] notify invalidation: cleared 0 and dirtied 0 nodes for: {"src/api/main.py"}
19:06:37.00 [INFO] notify invalidation: cleared 0 and dirtied 0 nodes for: {"src/api/main.py"}
19:06:37.00 [INFO] notify invalidation: cleared 0 and dirtied 0 nodes for: {"src/api/main.py"}
19:06:37.00 [INFO] notify invalidation: cleared 0 and dirtied 0 nodes for: {"src/api/main.py", "src/api"}
19:06:37.00 [INFO] notify invalidation: cleared 0 and dirtied 0 nodes for: {"src/api", "src/api/main.py"}
19:06:37.00 [INFO] notify invalidation: cleared 0 and dirtied 0 nodes for: {"src/api/main.py~", "src/api"}
19:06:40.23 [INFO] Extending leases
19:06:40.24 [INFO] Done extending leases
19:07:09.00 [INFO] notify invalidation: cleared 0 and dirtied 0 nodes for: {"src/api", "src/api/main.py~"}
19:07:09.00 [INFO] notify invalidation: cleared 0 and dirtied 0 nodes for: {"src/api/main.py~"}
19:07:09.00 [INFO] notify invalidation: cleared 0 and dirtied 0 nodes for: {"src/api/main.py~", "src/api"}
19:07:09.00 [INFO] notify invalidation: cleared 0 and dirtied 0 nodes for: {"src/api/main.py"}
19:07:09.00 [INFO] notify invalidation: cleared 0 and dirtied 0 nodes for: {"src/api/main.py"}
19:07:09.01 [INFO] notify invalidation: cleared 0 and dirtied 0 nodes for: {"src/api/main.py"}
19:07:09.01 [INFO] notify invalidation: cleared 0 and dirtied 0 nodes for: {"src/api/main.py"}
19:07:09.01 [INFO] notify invalidation: cleared 0 and dirtied 0 nodes for: {"src/api", "src/api/main.py"}
19:07:09.01 [INFO] notify invalidation: cleared 0 and dirtied 0 nodes for: {"src/api", "src/api/main.py"}
19:07:09.01 [INFO] notify invalidation: cleared 0 and dirtied 0 nodes for: {"src/api/main.py~", "src/api"}
19:07:15.31 [INFO] handling request: `--python-repos-find-links=-[] tailor ::`
19:07:15.46 [INFO] notify invalidation: cleared 1 and dirtied 125 nodes for: {"", ".tmpdIGqNc.hardlink_canary"}
19:07:15.46 [INFO] notify invalidation: cleared 1 and dirtied 125 nodes for: {".tmpdIGqNc.hardlink_canary", ""}
19:07:15.46 [INFO] notify invalidation: cleared 1 and dirtied 121 nodes for: {"src", "src/BUILD"}
19:07:15.46 [INFO] notify invalidation: cleared 0 and dirtied 0 nodes for: {"src/BUILD"}
19:07:15.46 [INFO] notify invalidation: cleared 0 and dirtied 0 nodes for: {"src", "src/BUILD"}
19:07:15.46 [INFO] request completed: `--python-repos-find-links=-[] tailor ::`
19:07:25.21 [INFO] handling request: `--python-repos-find-links=-[] run src/api/main.py`
19:07:25.41 [INFO] request completed: `--python-repos-find-links=-[] run src/api/main.py`
19:08:00.24 [INFO] Extending leases
19:08:00.25 [INFO] Done extending leases
19:08:13.37 [INFO] notify invalidation: cleared 1 and dirtied 140 nodes for: {"src/BUILD~", "src"}
19:08:13.37 [INFO] notify invalidation: cleared 0 and dirtied 0 nodes for: {"src/BUILD~"}
19:08:13.37 [INFO] notify invalidation: cleared 0 and dirtied 0 nodes for: {"src/BUILD~", "src"}
19:08:13.37 [INFO] notify invalidation: cleared 1 and dirtied 94 nodes for: {"src/BUILD"}
19:08:13.37 [INFO] notify invalidation: cleared 0 and dirtied 0 nodes for: {"src/BUILD"}
19:08:13.37 [INFO] notify invalidation: cleared 0 and dirtied 0 nodes for: {"src/BUILD"}
19:08:13.37 [INFO] notify invalidation: cleared 0 and dirtied 0 nodes for: {"src/BUILD"}
19:08:13.37 [INFO] notify invalidation: cleared 0 and dirtied 0 nodes for: {"src", "src/BUILD"}
19:08:13.37 [INFO] notify invalidation: cleared 0 and dirtied 0 nodes for: {"src/BUILD", "src"}
19:08:13.37 [INFO] notify invalidation: cleared 0 and dirtied 0 nodes for: {"src", "src/BUILD~"}
19:09:20.25 [INFO] Extending leases
19:09:20.26 [INFO] Done extending leases
19:09:33.02 [INFO] notify invalidation: cleared 0 and dirtied 0 nodes for: {"src/BUILD~", "src"}
19:09:33.02 [INFO] notify invalidation: cleared 0 and dirtied 0 nodes for: {"src/BUILD~"}
19:09:33.02 [INFO] notify invalidation: cleared 0 and dirtied 0 nodes for: {"src/BUILD~"}
19:09:33.02 [INFO] notify invalidation: cleared 0 and dirtied 0 nodes for: {"src/BUILD~", "src"}
19:09:33.02 [INFO] notify invalidation: cleared 0 and dirtied 0 nodes for: {"src/BUILD"}
19:09:33.02 [INFO] notify invalidation: cleared 0 and dirtied 0 nodes for: {"src/BUILD"}
19:09:33.02 [INFO] notify invalidation: cleared 0 and dirtied 0 nodes for: {"src/BUILD"}
19:09:33.02 [INFO] notify invalidation: cleared 0 and dirtied 0 nodes for: {"src/BUILD"}
19:09:33.02 [INFO] notify invalidation: cleared 0 and dirtied 0 nodes for: {"src/BUILD", "src"}
19:09:33.02 [INFO] notify invalidation: cleared 0 and dirtied 0 nodes for: {"src/BUILD", "src"}
19:09:33.02 [INFO] notify invalidation: cleared 0 and dirtied 0 nodes for: {"src", "src/BUILD~"}
19:09:43.04 [INFO] handling request: `--python-repos-find-links=-[] goals --help`
19:09:43.55 [INFO] request completed: `--python-repos-find-links=-[] goals --help`
19:09:56.27 [INFO] handling request: `--python-repos-find-links=-[] targets`
19:09:56.55 [INFO] request completed: `--python-repos-find-links=-[] targets`
19:10:02.71 [INFO] handling request: `--python-repos-find-links=-[] list targets`
19:10:02.99 [INFO] request completed: `--python-repos-find-links=-[] list targets`
19:10:08.97 [INFO] handling request: `--python-repos-find-links=-[] list ::`
19:10:09.19 [INFO] request completed: `--python-repos-find-links=-[] list ::`
19:10:40.26 [INFO] Extending leases
19:10:40.27 [INFO] Done extending leases
19:12:00.27 [INFO] Extending leases
19:12:00.27 [INFO] Done extending leases
19:12:58.61 [INFO] handling request: `--python-repos-find-links=-[] dependencies`
19:12:58.74 [INFO] request completed: `--python-repos-find-links=-[] dependencies`
19:13:01.58 [INFO] handling request: `--python-repos-find-links=-[] dependencies ::`
19:13:01.72 [INFO] request completed: `--python-repos-find-links=-[] dependencies ::`
19:13:20.28 [INFO] Extending leases
19:13:20.28 [INFO] Done extending leases
19:14:40.29 [INFO] Extending leases
19:14:40.29 [INFO] Done extending leases
19:16:00.29 [INFO] Extending leases
19:16:00.30 [INFO] Done extending leases
19:17:20.30 [INFO] Extending leases
19:17:20.30 [INFO] Done extending leases
19:17:43.05 [INFO] notify invalidation: cleared 1 and dirtied 201 nodes for: {".git", ""}
19:18:40.31 [INFO] Extending leases
19:18:40.31 [INFO] Done extending leases
19:19:23.73 [INFO] notify invalidation: cleared 1 and dirtied 201 nodes for: {".gitignore", ""}
19:19:23.74 [ERROR] saw filesystem changes covered by invalidation globs: SnapshotDiff(our_unique_files=(), our_unique_dirs=(), their_unique_files=('.gitignore',), their_unique_dirs=(), changed_files=()). terminating the daemon.
19:19:24.02 [ERROR] service failure for <pants.pantsd.service.scheduler_service.SchedulerService object at 0x7f9598449730>.
19:19:24.02 [INFO] Waiting for ongoing runs to complete before exiting...
19:19:24.02 [INFO] Server exiting with Ok(())
19:19:24.02 [INFO] Waiting for Sessions to complete before exiting...
19:19:24.02 [INFO] Waiting for shutdown of: ["scheduler_service_session", "store_gc_service_session", "pants_run_2023_12_24_19_00_00_204_c8bf7920db504520b2e11c2adad62b32", "pants_run_2023_12_24_19_07_15_417_165a86a99e414bcc813d74426b5fa9d7", "pants_run_2023_12_24_19_07_25_326_2caea95a0421498a926cb6b1859430be", "pants_run_2023_12_24_19_09_43_206_9a8da9e7f8a54c67a980a6c3c274e6d0", "pants_run_2023_12_24_19_10_09_151_095aca3343d04f00a9c9ec228bd6006d", "pants_run_2023_12_24_19_12_58_717_35c72fb707904e78af621ade20288aa4", "pants_run_2023_12_24_19_13_01_677_db148e4389d4423d91c3e5b9b9679dc6"]
19:19:24.02 [INFO] Shutdown completed: "scheduler_service_session"
19:19:24.02 [INFO] Shutdown completed: "store_gc_service_session"
19:19:24.02 [INFO] Shutdown completed: "pants_run_2023_12_24_19_00_00_204_c8bf7920db504520b2e11c2adad62b32"
19:19:24.02 [INFO] Shutdown completed: "pants_run_2023_12_24_19_07_15_417_165a86a99e414bcc813d74426b5fa9d7"
19:19:24.02 [INFO] Shutdown completed: "pants_run_2023_12_24_19_07_25_326_2caea95a0421498a926cb6b1859430be"
19:19:24.02 [INFO] Shutdown completed: "pants_run_2023_12_24_19_09_43_206_9a8da9e7f8a54c67a980a6c3c274e6d0"
19:19:24.02 [INFO] Shutdown completed: "pants_run_2023_12_24_19_10_09_151_095aca3343d04f00a9c9ec228bd6006d"
19:19:24.02 [INFO] Shutdown completed: "pants_run_2023_12_24_19_12_58_717_35c72fb707904e78af621ade20288aa4"
19:19:24.02 [INFO] Shutdown completed: "pants_run_2023_12_24_19_13_01_677_db148e4389d4423d91c3e5b9b9679dc6"
19:19:24.03 [INFO] Exiting pantsd
19:19:24.03 [WARN] File watcher exiting with: The watcher was shut down.
